<?xml version="1.0" encoding="UTF-8"?>
<testng-results ignored="0" total="1" passed="1" failed="0" skipped="0">
  <reporter-output>
  </reporter-output>
  <suite started-at="2026-07-05T15:58:24 IST" name="Regression" finished-at="2026-07-05T15:59:00 IST" duration-ms="35926">
    <groups>
    </groups>
    <test started-at="2026-07-05T15:58:24 IST" name="Chrome" finished-at="2026-07-05T15:59:00 IST" duration-ms="35926">
      <class name="tests.GoogleTest">
        <test-method is-config="true" signature="setup()[pri:0, instance:tests.GoogleTest@6c80d78a]" started-at="2026-07-05T15:58:24 IST" name="setup" finished-at="2026-07-05T15:58:48 IST" duration-ms="23895" status="PASS">
          <reporter-output>
          </reporter-output>
        </test-method> <!-- setup -->
        <test-method signature="verifyTitle()[pri:0, instance:tests.GoogleTest@6c80d78a]" started-at="2026-07-05T15:58:48 IST" name="verifyTitle" finished-at="2026-07-05T15:58:58 IST" duration-ms="10795" status="PASS">
          <reporter-output>
          </reporter-output>
        </test-method> <!-- verifyTitle -->
        <test-method is-config="true" signature="tearDown()[pri:0, instance:tests.GoogleTest@6c80d78a]" started-at="2026-07-05T15:58:59 IST" name="tearDown" finished-at="2026-07-05T15:59:00 IST" duration-ms="1160" status="PASS">
          <reporter-output>
          </reporter-output>
        </test-method> <!-- tearDown -->
      </class> <!-- tests.GoogleTest -->
    </test> <!-- Chrome -->
  </suite> <!-- Regression -->
</testng-results>
